fkn_labs_2023-lab-2/app/build/intermediates/manifest_merge_blame_file/debug/manifest-merger-blame-debug-report.txt
1<?xml version="1.0" encoding="utf-8"?>
2<manifest xmlns:android="http://schemas.android.com/apk/res/android"
3    package="com.example.marvel_app_android"
4    android:versionCode="1"
5    android:versionName="1.0" >
6
7    <uses-sdk
8        android:minSdkVersion="21"
8-->src\main\AndroidManifest.xml
9        android:targetSdkVersion="32" />
9-->src\main\AndroidManifest.xml
10
11    <uses-permission android:name="android.permission.INTERNET" />
11-->src\main\AndroidManifest.xml:4:5-67
11-->src\main\AndroidManifest.xml:4:22-64
12
13    <application
13-->src\main\AndroidManifest.xml:5:5-30:19
14        android:allowBackup="true"
14-->src\main\AndroidManifest.xml:6:9-35
15        android:appComponentFactory="androidx.core.app.CoreComponentFactory"
15-->[androidx.core:core:1.8.0] AndroidManifest.xml:24:18-86
16        android:dataExtractionRules="@xml/data_extraction_rules"
16-->src\main\AndroidManifest.xml:7:9-65
17        android:debuggable="true"
18        android:fullBackupContent="@xml/backup_rules"
18-->src\main\AndroidManifest.xml:8:9-54
19        android:icon="@mipmap/ic_launcher"
19-->src\main\AndroidManifest.xml:9:9-43
20        android:label="@string/app_name"
20-->src\main\AndroidManifest.xml:10:9-41
21        android:roundIcon="@mipmap/ic_launcher_round"
21-->src\main\AndroidManifest.xml:11:9-54
22        android:supportsRtl="true"
22-->src\main\AndroidManifest.xml:12:9-35
23        android:testOnly="true"
24        android:theme="@style/Theme.Marvel_App_Android" >
24-->src\main\AndroidManifest.xml:13:9-56
25        <activity
25-->src\main\AndroidManifest.xml:15:9-29:20
26            android:name="com.example.marvel_app_android.MainActivity"
26-->src\main\AndroidManifest.xml:16:13-41
27            android:exported="true"
27-->src\main\AndroidManifest.xml:17:13-36
28            android:label="@string/app_name"
28-->src\main\AndroidManifest.xml:18:13-45
29            android:theme="@style/Theme.Marvel_App_Android" >
29-->src\main\AndroidManifest.xml:19:13-60
30            <intent-filter>
30-->src\main\AndroidManifest.xml:20:13-24:29
31                <action android:name="android.intent.action.MAIN" />
31-->src\main\AndroidManifest.xml:21:17-69
31-->src\main\AndroidManifest.xml:21:25-66
32
33                <category android:name="android.intent.category.LAUNCHER" />
33-->src\main\AndroidManifest.xml:23:17-77
33-->src\main\AndroidManifest.xml:23:27-74
34            </intent-filter>
35
36            <meta-data
36-->src\main\AndroidManifest.xml:26:13-28:36
37                android:name="android.app.lib_name"
37-->src\main\AndroidManifest.xml:27:17-52
38                android:value="" />
38-->src\main\AndroidManifest.xml:28:17-33
39        </activity>
40        <activity
40-->[androidx.compose.ui:ui-tooling:1.2.1] AndroidManifest.xml:24:9-26:39
41            android:name="androidx.compose.ui.tooling.PreviewActivity"
41-->[androidx.compose.ui:ui-tooling:1.2.1] AndroidManifest.xml:25:13-71
42            android:exported="true" />
42-->[androidx.compose.ui:ui-tooling:1.2.1] AndroidManifest.xml:26:13-36
43        <activity
43-->[androidx.compose.ui:ui-test-manifest:1.2.1] AndroidManifest.xml:24:9-26:39
44            android:name="androidx.activity.ComponentActivity"
44-->[androidx.compose.ui:ui-test-manifest:1.2.1] AndroidManifest.xml:25:13-63
45            android:exported="true" />
45-->[androidx.compose.ui:ui-test-manifest:1.2.1] AndroidManifest.xml:26:13-36
46
47        <provider
47-->[androidx.profileinstaller:profileinstaller:1.2.0] AndroidManifest.xml:25:9-33:20
48            android:name="androidx.startup.InitializationProvider"
48-->[androidx.profileinstaller:profileinstaller:1.2.0] AndroidManifest.xml:26:13-67
49            android:authorities="com.example.marvel_app_android.androidx-startup"
49-->[androidx.profileinstaller:profileinstaller:1.2.0] AndroidManifest.xml:27:13-68
50            android:exported="false" >
50-->[androidx.profileinstaller:profileinstaller:1.2.0] AndroidManifest.xml:28:13-37
51            <meta-data
51-->[androidx.profileinstaller:profileinstaller:1.2.0] AndroidManifest.xml:30:13-32:52
52                android:name="androidx.profileinstaller.ProfileInstallerInitializer"
52-->[androidx.profileinstaller:profileinstaller:1.2.0] AndroidManifest.xml:31:17-85
53                android:value="androidx.startup" />
53-->[androidx.profileinstaller:profileinstaller:1.2.0] AndroidManifest.xml:32:17-49
54        </provider>
55
56        <receiver
56-->[androidx.profileinstaller:profileinstaller:1.2.0] AndroidManifest.xml:35:9-47:20
57            android:name="androidx.profileinstaller.ProfileInstallReceiver"
57-->[androidx.profileinstaller:profileinstaller:1.2.0] AndroidManifest.xml:36:13-76
58            android:directBootAware="false"
58-->[androidx.profileinstaller:profileinstaller:1.2.0] AndroidManifest.xml:37:13-44
59            android:enabled="true"
59-->[androidx.profileinstaller:profileinstaller:1.2.0] AndroidManifest.xml:38:13-35
60            android:exported="true"
60-->[androidx.profileinstaller:profileinstaller:1.2.0] AndroidManifest.xml:39:13-36
61            android:permission="android.permission.DUMP" >
61-->[androidx.profileinstaller:profileinstaller:1.2.0] AndroidManifest.xml:40:13-57
62            <intent-filter>
62-->[androidx.profileinstaller:profileinstaller:1.2.0] AndroidManifest.xml:41:13-43:29
63                <action android:name="androidx.profileinstaller.action.INSTALL_PROFILE" />
63-->[androidx.profileinstaller:profileinstaller:1.2.0] AndroidManifest.xml:42:17-91
63-->[androidx.profileinstaller:profileinstaller:1.2.0] AndroidManifest.xml:42:25-88
64            </intent-filter>
65            <intent-filter>
65-->[androidx.profileinstaller:profileinstaller:1.2.0] AndroidManifest.xml:44:13-46:29
66                <action android:name="androidx.profileinstaller.action.SKIP_FILE" />
66-->[androidx.profileinstaller:profileinstaller:1.2.0] AndroidManifest.xml:45:17-85
66-->[androidx.profileinstaller:profileinstaller:1.2.0] AndroidManifest.xml:45:25-82
67            </intent-filter>
68        </receiver>
69    </application>
70
71</manifest>